[INFO] Scanning for projects...
[INFO] 
[INFO] --------------------------< com.project:p2p >---------------------------
[INFO] Building p2p 0.0.1-SNAPSHOT
[INFO]   from pom.xml
[INFO] --------------------------------[ jar ]---------------------------------
[INFO] 
[INFO] >>> spring-boot:3.4.0:run (default-cli) > test-compile @ p2p >>>
[INFO] 
[INFO] --- resources:3.3.1:resources (default-resources) @ p2p ---
[INFO] Copying 1 resource from src\main\resources to target\classes
[INFO] Copying 1 resource from src\main\resources to target\classes
[INFO] 
[INFO] --- compiler:3.13.0:compile (default-compile) @ p2p ---
[INFO] Nothing to compile - all classes are up to date.
[INFO] 
[INFO] --- resources:3.3.1:testResources (default-testResources) @ p2p ---
[INFO] skip non existing resourceDirectory C:\Users\Noor  Mohammad\Desktop\P2P_Internet\src\test\resources
[INFO] 
[INFO] --- compiler:3.13.0:testCompile (default-testCompile) @ p2p ---
[INFO] No sources to compile
[INFO] 
[INFO] <<< spring-boot:3.4.0:run (default-cli) < test-compile @ p2p <<<
[INFO] 
[INFO] 
[INFO] --- spring-boot:3.4.0:run (default-cli) @ p2p ---
[INFO] Attaching agents: []

  .   ____          _            __ _ _
 /\\ / ___'_ __ _ _(_)_ __  __ _ \ \ \ \
( ( )\___ | '_ | '_| | '_ \/ _` | \ \ \ \
 \\/  ___)| |_)| | | | | || (_| |  ) ) ) )
  '  |____| .__|_| |_|_| |_\__, | / / / /
 =========|_|==============|___/=/_/_/_/

 :: Spring Boot ::                (v3.4.0)

2026-06-18T19:02:40.449+05:30  INFO 11848 --- [           main] c.project.p2p.P2pFileSharingApplication  : Starting P2pFileSharingApplication using Java 26.0.1 with PID 11848 (C:\Users\Noor  Mohammad\Desktop\P2P_Internet\target\classes started by Noor  Mohammad in C:\Users\Noor  Mohammad\Desktop\P2P_Internet)
2026-06-18T19:02:40.451+05:30  INFO 11848 --- [           main] c.project.p2p.P2pFileSharingApplication  : No active profile set, falling back to 1 default profile: "default"
2026-06-18T19:02:41.028+05:30  INFO 11848 --- [           main] .s.d.r.c.RepositoryConfigurationDelegate : Bootstrapping Spring Data JPA repositories in DEFAULT mode.
2026-06-18T19:02:41.087+05:30  INFO 11848 --- [           main] .s.d.r.c.RepositoryConfigurationDelegate : Finished Spring Data repository scanning in 52 ms. Found 4 JPA repository interfaces.
WARNING: A restricted method in java.lang.System has been called
WARNING: java.lang.System::load has been called by org.apache.tomcat.jni.Library in an unnamed module (file:/C:/Users/Noor%20%20Mohammad/.m2/repository/org/apache/tomcat/embed/tomcat-embed-core/10.1.33/tomcat-embed-core-10.1.33.jar)
WARNING: Use --enable-native-access=ALL-UNNAMED to avoid a warning for callers in this module
WARNING: Restricted methods will be blocked in a future release unless native access is enabled

2026-06-18T19:02:41.497+05:30  INFO 11848 --- [           main] o.s.b.w.embedded.tomcat.TomcatWebServer  : Tomcat initialized with port 8082 (http)
2026-06-18T19:02:41.508+05:30  INFO 11848 --- [           main] o.apache.catalina.core.StandardService   : Starting service [Tomcat]
2026-06-18T19:02:41.508+05:30  INFO 11848 --- [           main] o.apache.catalina.core.StandardEngine    : Starting Servlet engine: [Apache Tomcat/10.1.33]
2026-06-18T19:02:41.565+05:30  INFO 11848 --- [           main] o.a.c.c.C.[Tomcat].[localhost].[/]       : Initializing Spring embedded WebApplicationContext
2026-06-18T19:02:41.565+05:30  INFO 11848 --- [           main] w.s.c.ServletWebServerApplicationContext : Root WebApplicationContext: initialization completed in 1072 ms
2026-06-18T19:02:41.586+05:30  INFO 11848 --- [           main] com.zaxxer.hikari.HikariDataSource       : HikariPool-1 - Starting...
2026-06-18T19:02:41.763+05:30  INFO 11848 --- [           main] com.zaxxer.hikari.pool.HikariPool        : HikariPool-1 - Added connection conn0: url=jdbc:h2:mem:p2p_db user=SA
2026-06-18T19:02:41.764+05:30  INFO 11848 --- [           main] com.zaxxer.hikari.HikariDataSource       : HikariPool-1 - Start completed.
2026-06-18T19:02:41.771+05:30  INFO 11848 --- [           main] o.s.b.a.h2.H2ConsoleAutoConfiguration    : H2 console available at '/h2-console'. Database available at 'jdbc:h2:mem:p2p_db'
2026-06-18T19:02:41.892+05:30  INFO 11848 --- [           main] o.hibernate.jpa.internal.util.LogHelper  : HHH000204: Processing PersistenceUnitInfo [name: default]
2026-06-18T19:02:41.949+05:30  INFO 11848 --- [           main] org.hibernate.Version                    : HHH000412: Hibernate ORM core version 6.6.2.Final
2026-06-18T19:02:41.984+05:30  INFO 11848 --- [           main] o.h.c.internal.RegionFactoryInitiator    : HHH000026: Second-level cache disabled
2026-06-18T19:02:42.290+05:30  INFO 11848 --- [           main] o.s.o.j.p.SpringPersistenceUnitInfo      : No LoadTimeWeaver setup: ignoring JPA class transformer
2026-06-18T19:02:42.350+05:30  INFO 11848 --- [           main] org.hibernate.orm.connections.pooling    : HHH10001005: Database info:
	Database JDBC URL [Connecting through datasource 'HikariDataSource (HikariPool-1)']
	Database driver: undefined/unknown
	Database version: 2.3.232
	Autocommit mode: undefined/unknown
	Isolation level: undefined/unknown
	Minimum pool size: undefined/unknown
	Maximum pool size: undefined/unknown
2026-06-18T19:02:43.669+05:30  INFO 11848 --- [           main] o.h.e.t.j.p.i.JtaPlatformInitiator       : HHH000489: No JTA platform available (set 'hibernate.transaction.jta.platform' to enable JTA platform integration)
Hibernate: 
    create table file_chunk (
        id bigint generated by default as identity,
        chunk_index integer not null,
        chunk_path varchar(255),
        file_id bigint,
        hash varchar(255),
        primary key (id)
    )
Hibernate: 
    create table file_metadata (
        id bigint generated by default as identity,
        file_name varchar(255),
        file_size bigint not null,
        owner_user_id varchar(255),
        total_chunks integer not null,
        upload_time timestamp(6),
        primary key (id)
    )
Hibernate: 
    create table file_share (
        id bigint generated by default as identity,
        file_id bigint,
        owner_user_id varchar(255),
        shared_at timestamp(6),
        shared_with_user_id varchar(255),
        primary key (id)
    )
Hibernate: 
    create table user_accounts (
        user_id varchar(64) not null,
        created_at timestamp(6),
        display_name varchar(255),
        password varchar(255),
        primary key (user_id)
    )
2026-06-18T19:02:43.829+05:30  INFO 11848 --- [           main] j.LocalContainerEntityManagerFactoryBean : Initialized JPA EntityManagerFactory for persistence unit 'default'
2026-06-18T19:02:44.812+05:30  WARN 11848 --- [           main] JpaBaseConfiguration$JpaWebConfiguration : spring.jpa.open-in-view is enabled by default. Therefore, database queries may be performed during view rendering. Explicitly configure spring.jpa.open-in-view to disable this warning
2026-06-18T19:02:44.859+05:30  INFO 11848 --- [           main] o.s.b.a.w.s.WelcomePageHandlerMapping    : Adding welcome page: class path resource [static/index.html]
2026-06-18T19:02:45.705+05:30  INFO 11848 --- [           main] o.s.b.w.embedded.tomcat.TomcatWebServer  : Tomcat started on port 8082 (http) with context path '/'
2026-06-18T19:02:45.725+05:30  INFO 11848 --- [           main] c.project.p2p.P2pFileSharingApplication  : Started P2pFileSharingApplication in 5.713 seconds (process running for 6.009)
2026-06-18T19:04:07.721+05:30  INFO 11848 --- [0.0-8082-exec-1] o.a.c.c.C.[Tomcat].[localhost].[/]       : Initializing Spring DispatcherServlet 'dispatcherServlet'
2026-06-18T19:04:07.722+05:30  INFO 11848 --- [0.0-8082-exec-1] o.s.web.servlet.DispatcherServlet        : Initializing Servlet 'dispatcherServlet'
2026-06-18T19:04:07.723+05:30  INFO 11848 --- [0.0-8082-exec-1] o.s.web.servlet.DispatcherServlet        : Completed initialization in 1 ms
Hibernate: 
    select
        count(*) 
    from
        user_accounts ua1_0 
    where
        ua1_0.user_id=?
Hibernate: 
    select
        ua1_0.user_id,
        ua1_0.created_at,
        ua1_0.display_name,
        ua1_0.password 
    from
        user_accounts ua1_0 
    where
        ua1_0.user_id=?
2026-06-18T19:05:32.000+05:30 ERROR 11848 --- [0.0-8082-exec-9] o.a.c.c.C.[.[.[/].[dispatcherServlet]    : Servlet.service() for servlet [dispatcherServlet] in context with path [] threw exception [Request processing failed: java.lang.IllegalArgumentException: User ID not found. Please sign up first.] with root cause

java.lang.IllegalArgumentException: User ID not found. Please sign up first.
	at com.project.p2p.service.FileService.lambda$login$0(FileService.java:59) ~[classes/:na]
	at java.base/java.util.Optional.orElseThrow(Optional.java:407) ~[na:na]
	at com.project.p2p.service.FileService.login(FileService.java:59) ~[classes/:na]
	at java.base/jdk.internal.reflect.DirectMethodHandleAccessor.invoke(DirectMethodHandleAccessor.java:104) ~[na:na]
	at java.base/java.lang.reflect.Method.invoke(Method.java:565) ~[na:na]
	at org.springframework.aop.support.AopUtils.invokeJoinpointUsingReflection(AopUtils.java:359) ~[spring-aop-6.2.0.jar:6.2.0]
	at org.springframework.aop.framework.CglibAopProxy$DynamicAdvisedInterceptor.intercept(CglibAopProxy.java:723) ~[spring-aop-6.2.0.jar:6.2.0]
	at com.project.p2p.service.FileService$$SpringCGLIB$$0.login(<generated>) ~[classes/:na]
	at com.project.p2p.controller.UserController.login(UserController.java:33) ~[classes/:na]
	at java.base/jdk.internal.reflect.DirectMethodHandleAccessor.invoke(DirectMethodHandleAccessor.java:104) ~[na:na]
	at java.base/java.lang.reflect.Method.invoke(Method.java:565) ~[na:na]
	at org.springframework.web.method.support.InvocableHandlerMethod.doInvoke(InvocableHandlerMethod.java:255) ~[spring-web-6.2.0.jar:6.2.0]
	at org.springframework.web.method.support.InvocableHandlerMethod.invokeForRequest(InvocableHandlerMethod.java:188) ~[spring-web-6.2.0.jar:6.2.0]
	at org.springframework.web.servlet.mvc.method.annotation.ServletInvocableHandlerMethod.invokeAndHandle(ServletInvocableHandlerMethod.java:118) ~[spring-webmvc-6.2.0.jar:6.2.0]
	at org.springframework.web.servlet.mvc.method.annotation.RequestMappingHandlerAdapter.invokeHandlerMethod(RequestMappingHandlerAdapter.java:986) ~[spring-webmvc-6.2.0.jar:6.2.0]
	at org.springframework.web.servlet.mvc.method.annotation.RequestMappingHandlerAdapter.handleInternal(RequestMappingHandlerAdapter.java:891) ~[spring-webmvc-6.2.0.jar:6.2.0]
	at org.springframework.web.servlet.mvc.method.AbstractHandlerMethodAdapter.handle(AbstractHandlerMethodAdapter.java:87) ~[spring-webmvc-6.2.0.jar:6.2.0]
	at org.springframework.web.servlet.DispatcherServlet.doDispatch(DispatcherServlet.java:1088) ~[spring-webmvc-6.2.0.jar:6.2.0]
	at org.springframework.web.servlet.DispatcherServlet.doService(DispatcherServlet.java:978) ~[spring-webmvc-6.2.0.jar:6.2.0]
	at org.springframework.web.servlet.FrameworkServlet.processRequest(FrameworkServlet.java:1014) ~[spring-webmvc-6.2.0.jar:6.2.0]
	at org.springframework.web.servlet.FrameworkServlet.doPost(FrameworkServlet.java:914) ~[spring-webmvc-6.2.0.jar:6.2.0]
	at jakarta.servlet.http.HttpServlet.service(HttpServlet.java:590) ~[tomcat-embed-core-10.1.33.jar:6.0]
	at org.springframework.web.servlet.FrameworkServlet.service(FrameworkServlet.java:885) ~[spring-webmvc-6.2.0.jar:6.2.0]
	at jakarta.servlet.http.HttpServlet.service(HttpServlet.java:658) ~[tomcat-embed-core-10.1.33.jar:6.0]
	at org.apache.catalina.core.ApplicationFilterChain.internalDoFilter(ApplicationFilterChain.java:195) ~[tomcat-embed-core-10.1.33.jar:10.1.33]
	at org.apache.catalina.core.ApplicationFilterChain.doFilter(ApplicationFilterChain.java:140) ~[tomcat-embed-core-10.1.33.jar:10.1.33]
	at org.apache.tomcat.websocket.server.WsFilter.doFilter(WsFilter.java:51) ~[tomcat-embed-websocket-10.1.33.jar:10.1.33]
	at org.apache.catalina.core.ApplicationFilterChain.internalDoFilter(ApplicationFilterChain.java:164) ~[tomcat-embed-core-10.1.33.jar:10.1.33]
	at org.apache.catalina.core.ApplicationFilterChain.doFilter(ApplicationFilterChain.java:140) ~[tomcat-embed-core-10.1.33.jar:10.1.33]
	at org.springframework.web.filter.RequestContextFilter.doFilterInternal(RequestContextFilter.java:100) ~[spring-web-6.2.0.jar:6.2.0]
	at org.springframework.web.filter.OncePerRequestFilter.doFilter(OncePerRequestFilter.java:116) ~[spring-web-6.2.0.jar:6.2.0]
	at org.apache.catalina.core.ApplicationFilterChain.internalDoFilter(ApplicationFilterChain.java:164) ~[tomcat-embed-core-10.1.33.jar:10.1.33]
	at org.apache.catalina.core.ApplicationFilterChain.doFilter(ApplicationFilterChain.java:140) ~[tomcat-embed-core-10.1.33.jar:10.1.33]
	at org.springframework.web.filter.FormContentFilter.doFilterInternal(FormContentFilter.java:93) ~[spring-web-6.2.0.jar:6.2.0]
	at org.springframework.web.filter.OncePerRequestFilter.doFilter(OncePerRequestFilter.java:116) ~[spring-web-6.2.0.jar:6.2.0]
	at org.apache.catalina.core.ApplicationFilterChain.internalDoFilter(ApplicationFilterChain.java:164) ~[tomcat-embed-core-10.1.33.jar:10.1.33]
	at org.apache.catalina.core.ApplicationFilterChain.doFilter(ApplicationFilterChain.java:140) ~[tomcat-embed-core-10.1.33.jar:10.1.33]
	at org.springframework.web.filter.CharacterEncodingFilter.doFilterInternal(CharacterEncodingFilter.java:201) ~[spring-web-6.2.0.jar:6.2.0]
	at org.springframework.web.filter.OncePerRequestFilter.doFilter(OncePerRequestFilter.java:116) ~[spring-web-6.2.0.jar:6.2.0]
	at org.apache.catalina.core.ApplicationFilterChain.internalDoFilter(ApplicationFilterChain.java:164) ~[tomcat-embed-core-10.1.33.jar:10.1.33]
	at org.apache.catalina.core.ApplicationFilterChain.doFilter(ApplicationFilterChain.java:140) ~[tomcat-embed-core-10.1.33.jar:10.1.33]
	at org.apache.catalina.core.StandardWrapperValve.invoke(StandardWrapperValve.java:167) ~[tomcat-embed-core-10.1.33.jar:10.1.33]
	at org.apache.catalina.core.StandardContextValve.invoke(StandardContextValve.java:90) ~[tomcat-embed-core-10.1.33.jar:10.1.33]
	at org.apache.catalina.authenticator.AuthenticatorBase.invoke(AuthenticatorBase.java:483) ~[tomcat-embed-core-10.1.33.jar:10.1.33]
	at org.apache.catalina.core.StandardHostValve.invoke(StandardHostValve.java:115) ~[tomcat-embed-core-10.1.33.jar:10.1.33]
	at org.apache.catalina.valves.ErrorReportValve.invoke(ErrorReportValve.java:93) ~[tomcat-embed-core-10.1.33.jar:10.1.33]
	at org.apache.catalina.core.StandardEngineValve.invoke(StandardEngineValve.java:74) ~[tomcat-embed-core-10.1.33.jar:10.1.33]
	at org.apache.catalina.connector.CoyoteAdapter.service(CoyoteAdapter.java:344) ~[tomcat-embed-core-10.1.33.jar:10.1.33]
	at org.apache.coyote.http11.Http11Processor.service(Http11Processor.java:397) ~[tomcat-embed-core-10.1.33.jar:10.1.33]
	at org.apache.coyote.AbstractProcessorLight.process(AbstractProcessorLight.java:63) ~[tomcat-embed-core-10.1.33.jar:10.1.33]
	at org.apache.coyote.AbstractProtocol$ConnectionHandler.process(AbstractProtocol.java:905) ~[tomcat-embed-core-10.1.33.jar:10.1.33]
	at org.apache.tomcat.util.net.NioEndpoint$SocketProcessor.doRun(NioEndpoint.java:1741) ~[tomcat-embed-core-10.1.33.jar:10.1.33]
	at org.apache.tomcat.util.net.SocketProcessorBase.run(SocketProcessorBase.java:52) ~[tomcat-embed-core-10.1.33.jar:10.1.33]
	at org.apache.tomcat.util.threads.ThreadPoolExecutor.runWorker(ThreadPoolExecutor.java:1190) ~[tomcat-embed-core-10.1.33.jar:10.1.33]
	at org.apache.tomcat.util.threads.ThreadPoolExecutor$Worker.run(ThreadPoolExecutor.java:659) ~[tomcat-embed-core-10.1.33.jar:10.1.33]
	at org.apache.tomcat.util.threads.TaskThread$WrappingRunnable.run(TaskThread.java:63) ~[tomcat-embed-core-10.1.33.jar:10.1.33]
	at java.base/java.lang.Thread.run(Thread.java:1516) ~[na:na]

Hibernate: 
    select
        ua1_0.user_id,
        ua1_0.created_at,
        ua1_0.display_name,
        ua1_0.password 
    from
        user_accounts ua1_0
Hibernate: 
    select
        count(*) 
    from
        user_accounts ua1_0 
    where
        ua1_0.user_id=?
Hibernate: 
    select
        ua1_0.user_id,
        ua1_0.created_at,
        ua1_0.display_name,
        ua1_0.password 
    from
        user_accounts ua1_0 
    where
        ua1_0.user_id=?
Hibernate: 
    select
        ua1_0.user_id,
        ua1_0.created_at,
        ua1_0.display_name,
        ua1_0.password 
    from
        user_accounts ua1_0 
    where
        ua1_0.user_id=?
Hibernate: 
    insert 
    into
        user_accounts
        (created_at, display_name, password, user_id) 
    values
        (?, ?, ?, ?)
Hibernate: 
    select
        count(*) 
    from
        user_accounts ua1_0 
    where
        ua1_0.user_id=?
Hibernate: 
    select
        fm1_0.id,
        fm1_0.file_name,
        fm1_0.file_size,
        fm1_0.owner_user_id,
        fm1_0.total_chunks,
        fm1_0.upload_time 
    from
        file_metadata fm1_0 
    where
        fm1_0.owner_user_id=? 
    order by
        fm1_0.upload_time desc
Hibernate: 
    select
        fs1_0.id,
        fs1_0.file_id,
        fs1_0.owner_user_id,
        fs1_0.shared_at,
        fs1_0.shared_with_user_id 
    from
        file_share fs1_0 
    where
        fs1_0.shared_with_user_id=? 
    order by
        fs1_0.shared_at desc
Hibernate: 
    select
        ua1_0.user_id,
        ua1_0.created_at,
        ua1_0.display_name,
        ua1_0.password 
    from
        user_accounts ua1_0 
    where
        ua1_0.user_id=?
Hibernate: 
    update
        user_accounts 
    set
        created_at=?,
        display_name=?,
        password=? 
    where
        user_id=?
Hibernate: 
    select
        ua1_0.user_id,
        ua1_0.created_at,
        ua1_0.display_name,
        ua1_0.password 
    from
        user_accounts ua1_0 
    where
        ua1_0.user_id=?
Hibernate: 
    update
        user_accounts 
    set
        created_at=?,
        display_name=?,
        password=? 
    where
        user_id=?
Hibernate: 
    select
        ua1_0.user_id,
        ua1_0.created_at,
        ua1_0.display_name,
        ua1_0.password 
    from
        user_accounts ua1_0 
    where
        ua1_0.user_id=?
Hibernate: 
    select
        count(*) 
    from
        user_accounts ua1_0 
    where
        ua1_0.user_id=?
Hibernate: 
    select
        fm1_0.id,
        fm1_0.file_name,
        fm1_0.file_size,
        fm1_0.owner_user_id,
        fm1_0.total_chunks,
        fm1_0.upload_time 
    from
        file_metadata fm1_0 
    where
        fm1_0.owner_user_id=? 
    order by
        fm1_0.upload_time desc
Hibernate: 
    select
        fs1_0.id,
        fs1_0.file_id,
        fs1_0.owner_user_id,
        fs1_0.shared_at,
        fs1_0.shared_with_user_id 
    from
        file_share fs1_0 
    where
        fs1_0.shared_with_user_id=? 
    order by
        fs1_0.shared_at desc
Hibernate: 
    select
        count(*) 
    from
        user_accounts ua1_0 
    where
        ua1_0.user_id=?
Hibernate: 
    insert 
    into
        file_metadata
        (file_name, file_size, owner_user_id, total_chunks, upload_time, id) 
    values
        (?, ?, ?, ?, ?, default)
Hibernate: 
    insert 
    into
        file_chunk
        (chunk_index, chunk_path, file_id, hash, id) 
    values
        (?, ?, ?, ?, default)
Hibernate: 
    select
        count(*) 
    from
        user_accounts ua1_0 
    where
        ua1_0.user_id=?
Hibernate: 
    select
        fm1_0.id,
        fm1_0.file_name,
        fm1_0.file_size,
        fm1_0.owner_user_id,
        fm1_0.total_chunks,
        fm1_0.upload_time 
    from
        file_metadata fm1_0 
    where
        fm1_0.owner_user_id=? 
    order by
        fm1_0.upload_time desc
Hibernate: 
    select
        ua1_0.user_id,
        ua1_0.created_at,
        ua1_0.display_name,
        ua1_0.password 
    from
        user_accounts ua1_0 
    where
        ua1_0.user_id=?
Hibernate: 
    select
        fs1_0.id,
        fs1_0.file_id,
        fs1_0.owner_user_id,
        fs1_0.shared_at,
        fs1_0.shared_with_user_id 
    from
        file_share fs1_0 
    where
        fs1_0.file_id=? 
    order by
        fs1_0.shared_at desc
Hibernate: 
    select
        fs1_0.id,
        fs1_0.file_id,
        fs1_0.owner_user_id,
        fs1_0.shared_at,
        fs1_0.shared_with_user_id 
    from
        file_share fs1_0 
    where
        fs1_0.shared_with_user_id=? 
    order by
        fs1_0.shared_at desc
Hibernate: 
    select
        ua1_0.user_id,
        ua1_0.created_at,
        ua1_0.display_name,
        ua1_0.password 
    from
        user_accounts ua1_0
Hibernate: 
    select
        count(*) 
    from
        user_accounts ua1_0 
    where
        ua1_0.user_id=?
Hibernate: 
    select
        ua1_0.user_id,
        ua1_0.created_at,
        ua1_0.display_name,
        ua1_0.password 
    from
        user_accounts ua1_0 
    where
        ua1_0.user_id=?
Hibernate: 
    select
        ua1_0.user_id,
        ua1_0.created_at,
        ua1_0.display_name,
        ua1_0.password 
    from
        user_accounts ua1_0 
    where
        ua1_0.user_id=?
Hibernate: 
    insert 
    into
        user_accounts
        (created_at, display_name, password, user_id) 
    values
        (?, ?, ?, ?)
Hibernate: 
    select
        count(*) 
    from
        user_accounts ua1_0 
    where
        ua1_0.user_id=?
Hibernate: 
    select
        fm1_0.id,
        fm1_0.file_name,
        fm1_0.file_size,
        fm1_0.owner_user_id,
        fm1_0.total_chunks,
        fm1_0.upload_time 
    from
        file_metadata fm1_0 
    where
        fm1_0.owner_user_id=? 
    order by
        fm1_0.upload_time desc
Hibernate: 
    select
        fs1_0.id,
        fs1_0.file_id,
        fs1_0.owner_user_id,
        fs1_0.shared_at,
        fs1_0.shared_with_user_id 
    from
        file_share fs1_0 
    where
        fs1_0.shared_with_user_id=? 
    order by
        fs1_0.shared_at desc
Hibernate: 
    select
        ua1_0.user_id,
        ua1_0.created_at,
        ua1_0.display_name,
        ua1_0.password 
    from
        user_accounts ua1_0
Hibernate: 
    select
        count(*) 
    from
        user_accounts ua1_0 
    where
        ua1_0.user_id=?
Hibernate: 
    select
        ua1_0.user_id,
        ua1_0.created_at,
        ua1_0.display_name,
        ua1_0.password 
    from
        user_accounts ua1_0 
    where
        ua1_0.user_id=?
Hibernate: 
    select
        ua1_0.user_id,
        ua1_0.created_at,
        ua1_0.display_name,
        ua1_0.password 
    from
        user_accounts ua1_0 
    where
        ua1_0.user_id=?
Hibernate: 
    insert 
    into
        user_accounts
        (created_at, display_name, password, user_id) 
    values
        (?, ?, ?, ?)
Hibernate: 
    select
        count(*) 
    from
        user_accounts ua1_0 
    where
        ua1_0.user_id=?
Hibernate: 
    select
        fm1_0.id,
        fm1_0.file_name,
        fm1_0.file_size,
        fm1_0.owner_user_id,
        fm1_0.total_chunks,
        fm1_0.upload_time 
    from
        file_metadata fm1_0 
    where
        fm1_0.owner_user_id=? 
    order by
        fm1_0.upload_time desc
Hibernate: 
    select
        fs1_0.id,
        fs1_0.file_id,
        fs1_0.owner_user_id,
        fs1_0.shared_at,
        fs1_0.shared_with_user_id 
    from
        file_share fs1_0 
    where
        fs1_0.shared_with_user_id=? 
    order by
        fs1_0.shared_at desc
Hibernate: 
    select
        ua1_0.user_id,
        ua1_0.created_at,
        ua1_0.display_name,
        ua1_0.password 
    from
        user_accounts ua1_0 
    where
        ua1_0.user_id=?
Hibernate: 
    select
        count(*) 
    from
        user_accounts ua1_0 
    where
        ua1_0.user_id=?
Hibernate: 
    select
        fm1_0.id,
        fm1_0.file_name,
        fm1_0.file_size,
        fm1_0.owner_user_id,
        fm1_0.total_chunks,
        fm1_0.upload_time 
    from
        file_metadata fm1_0 
    where
        fm1_0.owner_user_id=? 
    order by
        fm1_0.upload_time desc
Hibernate: 
    select
        ua1_0.user_id,
        ua1_0.created_at,
        ua1_0.display_name,
        ua1_0.password 
    from
        user_accounts ua1_0 
    where
        ua1_0.user_id=?
Hibernate: 
    select
        fs1_0.id,
        fs1_0.file_id,
        fs1_0.owner_user_id,
        fs1_0.shared_at,
        fs1_0.shared_with_user_id 
    from
        file_share fs1_0 
    where
        fs1_0.file_id=? 
    order by
        fs1_0.shared_at desc
Hibernate: 
    select
        fs1_0.id,
        fs1_0.file_id,
        fs1_0.owner_user_id,
        fs1_0.shared_at,
        fs1_0.shared_with_user_id 
    from
        file_share fs1_0 
    where
        fs1_0.shared_with_user_id=? 
    order by
        fs1_0.shared_at desc
Hibernate: 
    select
        count(*) 
    from
        user_accounts ua1_0 
    where
        ua1_0.user_id=?
Hibernate: 
    select
        count(*) 
    from
        user_accounts ua1_0 
    where
        ua1_0.user_id=?
Hibernate: 
    select
        fm1_0.id,
        fm1_0.file_name,
        fm1_0.file_size,
        fm1_0.owner_user_id,
        fm1_0.total_chunks,
        fm1_0.upload_time 
    from
        file_metadata fm1_0 
    where
        fm1_0.id=?
Hibernate: 
    select
        fs1_0.id,
        fs1_0.file_id,
        fs1_0.owner_user_id,
        fs1_0.shared_at,
        fs1_0.shared_with_user_id 
    from
        file_share fs1_0 
    where
        fs1_0.file_id=? 
        and fs1_0.shared_with_user_id=?
Hibernate: 
    insert 
    into
        file_share
        (file_id, owner_user_id, shared_at, shared_with_user_id, id) 
    values
        (?, ?, ?, ?, default)
Hibernate: 
    select
        count(*) 
    from
        user_accounts ua1_0 
    where
        ua1_0.user_id=?
Hibernate: 
    select
        fm1_0.id,
        fm1_0.file_name,
        fm1_0.file_size,
        fm1_0.owner_user_id,
        fm1_0.total_chunks,
        fm1_0.upload_time 
    from
        file_metadata fm1_0 
    where
        fm1_0.owner_user_id=? 
    order by
        fm1_0.upload_time desc
Hibernate: 
    select
        ua1_0.user_id,
        ua1_0.created_at,
        ua1_0.display_name,
        ua1_0.password 
    from
        user_accounts ua1_0 
    where
        ua1_0.user_id=?
Hibernate: 
    select
        fs1_0.id,
        fs1_0.file_id,
        fs1_0.owner_user_id,
        fs1_0.shared_at,
        fs1_0.shared_with_user_id 
    from
        file_share fs1_0 
    where
        fs1_0.file_id=? 
    order by
        fs1_0.shared_at desc
Hibernate: 
    select
        ua1_0.user_id,
        ua1_0.created_at,
        ua1_0.display_name,
        ua1_0.password 
    from
        user_accounts ua1_0 
    where
        ua1_0.user_id=?
Hibernate: 
    select
        fs1_0.id,
        fs1_0.file_id,
        fs1_0.owner_user_id,
        fs1_0.shared_at,
        fs1_0.shared_with_user_id 
    from
        file_share fs1_0 
    where
        fs1_0.shared_with_user_id=? 
    order by
        fs1_0.shared_at desc
Hibernate: 
    select
        ua1_0.user_id,
        ua1_0.created_at,
        ua1_0.display_name,
        ua1_0.password 
    from
        user_accounts ua1_0 
    where
        ua1_0.user_id=?
Hibernate: 
    select
        count(*) 
    from
        user_accounts ua1_0 
    where
        ua1_0.user_id=?
Hibernate: 
    select
        fm1_0.id,
        fm1_0.file_name,
        fm1_0.file_size,
        fm1_0.owner_user_id,
        fm1_0.total_chunks,
        fm1_0.upload_time 
    from
        file_metadata fm1_0 
    where
        fm1_0.owner_user_id=? 
    order by
        fm1_0.upload_time desc
Hibernate: 
    select
        fs1_0.id,
        fs1_0.file_id,
        fs1_0.owner_user_id,
        fs1_0.shared_at,
        fs1_0.shared_with_user_id 
    from
        file_share fs1_0 
    where
        fs1_0.shared_with_user_id=? 
    order by
        fs1_0.shared_at desc
Hibernate: 
    select
        fm1_0.id,
        fm1_0.file_name,
        fm1_0.file_size,
        fm1_0.owner_user_id,
        fm1_0.total_chunks,
        fm1_0.upload_time 
    from
        file_metadata fm1_0 
    where
        fm1_0.id=?
Hibernate: 
    select
        ua1_0.user_id,
        ua1_0.created_at,
        ua1_0.display_name,
        ua1_0.password 
    from
        user_accounts ua1_0 
    where
        ua1_0.user_id=?
Hibernate: 
    select
        fs1_0.id,
        fs1_0.file_id,
        fs1_0.owner_user_id,
        fs1_0.shared_at,
        fs1_0.shared_with_user_id 
    from
        file_share fs1_0 
    where
        fs1_0.file_id=? 
    order by
        fs1_0.shared_at desc
Hibernate: 
    select
        ua1_0.user_id,
        ua1_0.created_at,
        ua1_0.display_name,
        ua1_0.password 
    from
        user_accounts ua1_0 
    where
        ua1_0.user_id=?
Hibernate: 
    select
        count(*) 
    from
        user_accounts ua1_0 
    where
        ua1_0.user_id=?
Hibernate: 
    insert 
    into
        file_metadata
        (file_name, file_size, owner_user_id, total_chunks, upload_time, id) 
    values
        (?, ?, ?, ?, ?, default)
Hibernate: 
    insert 
    into
        file_chunk
        (chunk_index, chunk_path, file_id, hash, id) 
    values
        (?, ?, ?, ?, default)
Hibernate: 
    select
        count(*) 
    from
        user_accounts ua1_0 
    where
        ua1_0.user_id=?
Hibernate: 
    select
        fm1_0.id,
        fm1_0.file_name,
        fm1_0.file_size,
        fm1_0.owner_user_id,
        fm1_0.total_chunks,
        fm1_0.upload_time 
    from
        file_metadata fm1_0 
    where
        fm1_0.owner_user_id=? 
    order by
        fm1_0.upload_time desc
Hibernate: 
    select
        ua1_0.user_id,
        ua1_0.created_at,
        ua1_0.display_name,
        ua1_0.password 
    from
        user_accounts ua1_0 
    where
        ua1_0.user_id=?
Hibernate: 
    select
        fs1_0.id,
        fs1_0.file_id,
        fs1_0.owner_user_id,
        fs1_0.shared_at,
        fs1_0.shared_with_user_id 
    from
        file_share fs1_0 
    where
        fs1_0.file_id=? 
    order by
        fs1_0.shared_at desc
Hibernate: 
    select
        fs1_0.id,
        fs1_0.file_id,
        fs1_0.owner_user_id,
        fs1_0.shared_at,
        fs1_0.shared_with_user_id 
    from
        file_share fs1_0 
    where
        fs1_0.shared_with_user_id=? 
    order by
        fs1_0.shared_at desc
Hibernate: 
    select
        fm1_0.id,
        fm1_0.file_name,
        fm1_0.file_size,
        fm1_0.owner_user_id,
        fm1_0.total_chunks,
        fm1_0.upload_time 
    from
        file_metadata fm1_0 
    where
        fm1_0.id=?
Hibernate: 
    select
        ua1_0.user_id,
        ua1_0.created_at,
        ua1_0.display_name,
        ua1_0.password 
    from
        user_accounts ua1_0 
    where
        ua1_0.user_id=?
Hibernate: 
    select
        fs1_0.id,
        fs1_0.file_id,
        fs1_0.owner_user_id,
        fs1_0.shared_at,
        fs1_0.shared_with_user_id 
    from
        file_share fs1_0 
    where
        fs1_0.file_id=? 
    order by
        fs1_0.shared_at desc
Hibernate: 
    select
        count(*) 
    from
        user_accounts ua1_0 
    where
        ua1_0.user_id=?
Hibernate: 
    select
        count(*) 
    from
        user_accounts ua1_0 
    where
        ua1_0.user_id=?
Hibernate: 
    select
        fm1_0.id,
        fm1_0.file_name,
        fm1_0.file_size,
        fm1_0.owner_user_id,
        fm1_0.total_chunks,
        fm1_0.upload_time 
    from
        file_metadata fm1_0 
    where
        fm1_0.id=?
Hibernate: 
    select
        fs1_0.id,
        fs1_0.file_id,
        fs1_0.owner_user_id,
        fs1_0.shared_at,
        fs1_0.shared_with_user_id 
    from
        file_share fs1_0 
    where
        fs1_0.file_id=? 
        and fs1_0.shared_with_user_id=?
Hibernate: 
    insert 
    into
        file_share
        (file_id, owner_user_id, shared_at, shared_with_user_id, id) 
    values
        (?, ?, ?, ?, default)
Hibernate: 
    select
        count(*) 
    from
        user_accounts ua1_0 
    where
        ua1_0.user_id=?
Hibernate: 
    select
        fm1_0.id,
        fm1_0.file_name,
        fm1_0.file_size,
        fm1_0.owner_user_id,
        fm1_0.total_chunks,
        fm1_0.upload_time 
    from
        file_metadata fm1_0 
    where
        fm1_0.owner_user_id=? 
    order by
        fm1_0.upload_time desc
Hibernate: 
    select
        ua1_0.user_id,
        ua1_0.created_at,
        ua1_0.display_name,
        ua1_0.password 
    from
        user_accounts ua1_0 
    where
        ua1_0.user_id=?
Hibernate: 
    select
        fs1_0.id,
        fs1_0.file_id,
        fs1_0.owner_user_id,
        fs1_0.shared_at,
        fs1_0.shared_with_user_id 
    from
        file_share fs1_0 
    where
        fs1_0.file_id=? 
    order by
        fs1_0.shared_at desc
Hibernate: 
    select
        ua1_0.user_id,
        ua1_0.created_at,
        ua1_0.display_name,
        ua1_0.password 
    from
        user_accounts ua1_0 
    where
        ua1_0.user_id=?
Hibernate: 
    select
        fs1_0.id,
        fs1_0.file_id,
        fs1_0.owner_user_id,
        fs1_0.shared_at,
        fs1_0.shared_with_user_id 
    from
        file_share fs1_0 
    where
        fs1_0.shared_with_user_id=? 
    order by
        fs1_0.shared_at desc
Hibernate: 
    select
        fm1_0.id,
        fm1_0.file_name,
        fm1_0.file_size,
        fm1_0.owner_user_id,
        fm1_0.total_chunks,
        fm1_0.upload_time 
    from
        file_metadata fm1_0 
    where
        fm1_0.id=?
Hibernate: 
    select
        fs1_0.id,
        fs1_0.file_id,
        fs1_0.owner_user_id,
        fs1_0.shared_at,
        fs1_0.shared_with_user_id 
    from
        file_share fs1_0 
    where
        fs1_0.file_id=? 
    order by
        fs1_0.shared_at desc
Hibernate: 
    select
        count(*) 
    from
        user_accounts ua1_0 
    where
        ua1_0.user_id=?
Hibernate: 
    select
        fm1_0.id,
        fm1_0.file_name,
        fm1_0.file_size,
        fm1_0.owner_user_id,
        fm1_0.total_chunks,
        fm1_0.upload_time 
    from
        file_metadata fm1_0 
    where
        fm1_0.id=?
Hibernate: 
    select
        fs1_0.id 
    from
        file_share fs1_0 
    where
        fs1_0.file_id=? 
        and fs1_0.shared_with_user_id=? 
    fetch
        first ? rows only
Hibernate: 
    select
        fc1_0.id,
        fc1_0.chunk_index,
        fc1_0.chunk_path,
        fc1_0.file_id,
        fc1_0.hash 
    from
        file_chunk fc1_0 
    where
        fc1_0.file_id=? 
    order by
        fc1_0.chunk_index
Hibernate: 
    select
        count(*) 
    from
        user_accounts ua1_0 
    where
        ua1_0.user_id=?
Hibernate: 
    select
        fm1_0.id,
        fm1_0.file_name,
        fm1_0.file_size,
        fm1_0.owner_user_id,
        fm1_0.total_chunks,
        fm1_0.upload_time 
    from
        file_metadata fm1_0 
    where
        fm1_0.id=?
Hibernate: 
    select
        fs1_0.id 
    from
        file_share fs1_0 
    where
        fs1_0.file_id=? 
        and fs1_0.shared_with_user_id=? 
    fetch
        first ? rows only
Hibernate: 
    select
        fc1_0.id,
        fc1_0.chunk_index,
        fc1_0.chunk_path,
        fc1_0.file_id,
        fc1_0.hash 
    from
        file_chunk fc1_0 
    where
        fc1_0.file_id=? 
    order by
        fc1_0.chunk_index
Hibernate: 
    select
        ua1_0.user_id,
        ua1_0.created_at,
        ua1_0.display_name,
        ua1_0.password 
    from
        user_accounts ua1_0 
    where
        ua1_0.user_id=?
2026-06-18T19:09:31.160+05:30 ERROR 11848 --- [0.0-8082-exec-5] o.a.c.c.C.[.[.[/].[dispatcherServlet]    : Servlet.service() for servlet [dispatcherServlet] in context with path [] threw exception [Request processing failed: java.lang.IllegalArgumentException: Incorrect password.] with root cause

java.lang.IllegalArgumentException: Incorrect password.
	at com.project.p2p.service.FileService.login(FileService.java:62) ~[classes/:na]
	at java.base/jdk.internal.reflect.DirectMethodHandleAccessor.invoke(DirectMethodHandleAccessor.java:104) ~[na:na]
	at java.base/java.lang.reflect.Method.invoke(Method.java:565) ~[na:na]
	at org.springframework.aop.support.AopUtils.invokeJoinpointUsingReflection(AopUtils.java:359) ~[spring-aop-6.2.0.jar:6.2.0]
	at org.springframework.aop.framework.CglibAopProxy$DynamicAdvisedInterceptor.intercept(CglibAopProxy.java:723) ~[spring-aop-6.2.0.jar:6.2.0]
	at com.project.p2p.service.FileService$$SpringCGLIB$$0.login(<generated>) ~[classes/:na]
	at com.project.p2p.controller.UserController.login(UserController.java:33) ~[classes/:na]
	at java.base/jdk.internal.reflect.DirectMethodHandleAccessor.invoke(DirectMethodHandleAccessor.java:104) ~[na:na]
	at java.base/java.lang.reflect.Method.invoke(Method.java:565) ~[na:na]
	at org.springframework.web.method.support.InvocableHandlerMethod.doInvoke(InvocableHandlerMethod.java:255) ~[spring-web-6.2.0.jar:6.2.0]
	at org.springframework.web.method.support.InvocableHandlerMethod.invokeForRequest(InvocableHandlerMethod.java:188) ~[spring-web-6.2.0.jar:6.2.0]
	at org.springframework.web.servlet.mvc.method.annotation.ServletInvocableHandlerMethod.invokeAndHandle(ServletInvocableHandlerMethod.java:118) ~[spring-webmvc-6.2.0.jar:6.2.0]
	at org.springframework.web.servlet.mvc.method.annotation.RequestMappingHandlerAdapter.invokeHandlerMethod(RequestMappingHandlerAdapter.java:986) ~[spring-webmvc-6.2.0.jar:6.2.0]
	at org.springframework.web.servlet.mvc.method.annotation.RequestMappingHandlerAdapter.handleInternal(RequestMappingHandlerAdapter.java:891) ~[spring-webmvc-6.2.0.jar:6.2.0]
	at org.springframework.web.servlet.mvc.method.AbstractHandlerMethodAdapter.handle(AbstractHandlerMethodAdapter.java:87) ~[spring-webmvc-6.2.0.jar:6.2.0]
	at org.springframework.web.servlet.DispatcherServlet.doDispatch(DispatcherServlet.java:1088) ~[spring-webmvc-6.2.0.jar:6.2.0]
	at org.springframework.web.servlet.DispatcherServlet.doService(DispatcherServlet.java:978) ~[spring-webmvc-6.2.0.jar:6.2.0]
	at org.springframework.web.servlet.FrameworkServlet.processRequest(FrameworkServlet.java:1014) ~[spring-webmvc-6.2.0.jar:6.2.0]
	at org.springframework.web.servlet.FrameworkServlet.doPost(FrameworkServlet.java:914) ~[spring-webmvc-6.2.0.jar:6.2.0]
	at jakarta.servlet.http.HttpServlet.service(HttpServlet.java:590) ~[tomcat-embed-core-10.1.33.jar:6.0]
	at org.springframework.web.servlet.FrameworkServlet.service(FrameworkServlet.java:885) ~[spring-webmvc-6.2.0.jar:6.2.0]
	at jakarta.servlet.http.HttpServlet.service(HttpServlet.java:658) ~[tomcat-embed-core-10.1.33.jar:6.0]
	at org.apache.catalina.core.ApplicationFilterChain.internalDoFilter(ApplicationFilterChain.java:195) ~[tomcat-embed-core-10.1.33.jar:10.1.33]
	at org.apache.catalina.core.ApplicationFilterChain.doFilter(ApplicationFilterChain.java:140) ~[tomcat-embed-core-10.1.33.jar:10.1.33]
	at org.apache.tomcat.websocket.server.WsFilter.doFilter(WsFilter.java:51) ~[tomcat-embed-websocket-10.1.33.jar:10.1.33]
	at org.apache.catalina.core.ApplicationFilterChain.internalDoFilter(ApplicationFilterChain.java:164) ~[tomcat-embed-core-10.1.33.jar:10.1.33]
	at org.apache.catalina.core.ApplicationFilterChain.doFilter(ApplicationFilterChain.java:140) ~[tomcat-embed-core-10.1.33.jar:10.1.33]
	at org.springframework.web.filter.RequestContextFilter.doFilterInternal(RequestContextFilter.java:100) ~[spring-web-6.2.0.jar:6.2.0]
	at org.springframework.web.filter.OncePerRequestFilter.doFilter(OncePerRequestFilter.java:116) ~[spring-web-6.2.0.jar:6.2.0]
	at org.apache.catalina.core.ApplicationFilterChain.internalDoFilter(ApplicationFilterChain.java:164) ~[tomcat-embed-core-10.1.33.jar:10.1.33]
	at org.apache.catalina.core.ApplicationFilterChain.doFilter(ApplicationFilterChain.java:140) ~[tomcat-embed-core-10.1.33.jar:10.1.33]
	at org.springframework.web.filter.FormContentFilter.doFilterInternal(FormContentFilter.java:93) ~[spring-web-6.2.0.jar:6.2.0]
	at org.springframework.web.filter.OncePerRequestFilter.doFilter(OncePerRequestFilter.java:116) ~[spring-web-6.2.0.jar:6.2.0]
	at org.apache.catalina.core.ApplicationFilterChain.internalDoFilter(ApplicationFilterChain.java:164) ~[tomcat-embed-core-10.1.33.jar:10.1.33]
	at org.apache.catalina.core.ApplicationFilterChain.doFilter(ApplicationFilterChain.java:140) ~[tomcat-embed-core-10.1.33.jar:10.1.33]
	at org.springframework.web.filter.CharacterEncodingFilter.doFilterInternal(CharacterEncodingFilter.java:201) ~[spring-web-6.2.0.jar:6.2.0]
	at org.springframework.web.filter.OncePerRequestFilter.doFilter(OncePerRequestFilter.java:116) ~[spring-web-6.2.0.jar:6.2.0]
	at org.apache.catalina.core.ApplicationFilterChain.internalDoFilter(ApplicationFilterChain.java:164) ~[tomcat-embed-core-10.1.33.jar:10.1.33]
	at org.apache.catalina.core.ApplicationFilterChain.doFilter(ApplicationFilterChain.java:140) ~[tomcat-embed-core-10.1.33.jar:10.1.33]
	at org.apache.catalina.core.StandardWrapperValve.invoke(StandardWrapperValve.java:167) ~[tomcat-embed-core-10.1.33.jar:10.1.33]
	at org.apache.catalina.core.StandardContextValve.invoke(StandardContextValve.java:90) ~[tomcat-embed-core-10.1.33.jar:10.1.33]
	at org.apache.catalina.authenticator.AuthenticatorBase.invoke(AuthenticatorBase.java:483) ~[tomcat-embed-core-10.1.33.jar:10.1.33]
	at org.apache.catalina.core.StandardHostValve.invoke(StandardHostValve.java:115) ~[tomcat-embed-core-10.1.33.jar:10.1.33]
	at org.apache.catalina.valves.ErrorReportValve.invoke(ErrorReportValve.java:93) ~[tomcat-embed-core-10.1.33.jar:10.1.33]
	at org.apache.catalina.core.StandardEngineValve.invoke(StandardEngineValve.java:74) ~[tomcat-embed-core-10.1.33.jar:10.1.33]
	at org.apache.catalina.connector.CoyoteAdapter.service(CoyoteAdapter.java:344) ~[tomcat-embed-core-10.1.33.jar:10.1.33]
	at org.apache.coyote.http11.Http11Processor.service(Http11Processor.java:397) ~[tomcat-embed-core-10.1.33.jar:10.1.33]
	at org.apache.coyote.AbstractProcessorLight.process(AbstractProcessorLight.java:63) ~[tomcat-embed-core-10.1.33.jar:10.1.33]
	at org.apache.coyote.AbstractProtocol$ConnectionHandler.process(AbstractProtocol.java:905) ~[tomcat-embed-core-10.1.33.jar:10.1.33]
	at org.apache.tomcat.util.net.NioEndpoint$SocketProcessor.doRun(NioEndpoint.java:1741) ~[tomcat-embed-core-10.1.33.jar:10.1.33]
	at org.apache.tomcat.util.net.SocketProcessorBase.run(SocketProcessorBase.java:52) ~[tomcat-embed-core-10.1.33.jar:10.1.33]
	at org.apache.tomcat.util.threads.ThreadPoolExecutor.runWorker(ThreadPoolExecutor.java:1190) ~[tomcat-embed-core-10.1.33.jar:10.1.33]
	at org.apache.tomcat.util.threads.ThreadPoolExecutor$Worker.run(ThreadPoolExecutor.java:659) ~[tomcat-embed-core-10.1.33.jar:10.1.33]
	at org.apache.tomcat.util.threads.TaskThread$WrappingRunnable.run(TaskThread.java:63) ~[tomcat-embed-core-10.1.33.jar:10.1.33]
	at java.base/java.lang.Thread.run(Thread.java:1516) ~[na:na]

Hibernate: 
    select
        ua1_0.user_id,
        ua1_0.created_at,
        ua1_0.display_name,
        ua1_0.password 
    from
        user_accounts ua1_0 
    where
        ua1_0.user_id=?
Hibernate: 
    select
        count(*) 
    from
        user_accounts ua1_0 
    where
        ua1_0.user_id=?
Hibernate: 
    select
        fm1_0.id,
        fm1_0.file_name,
        fm1_0.file_size,
        fm1_0.owner_user_id,
        fm1_0.total_chunks,
        fm1_0.upload_time 
    from
        file_metadata fm1_0 
    where
        fm1_0.owner_user_id=? 
    order by
        fm1_0.upload_time desc
Hibernate: 
    select
        ua1_0.user_id,
        ua1_0.created_at,
        ua1_0.display_name,
        ua1_0.password 
    from
        user_accounts ua1_0 
    where
        ua1_0.user_id=?
Hibernate: 
    select
        fs1_0.id,
        fs1_0.file_id,
        fs1_0.owner_user_id,
        fs1_0.shared_at,
        fs1_0.shared_with_user_id 
    from
        file_share fs1_0 
    where
        fs1_0.file_id=? 
    order by
        fs1_0.shared_at desc
Hibernate: 
    select
        ua1_0.user_id,
        ua1_0.created_at,
        ua1_0.display_name,
        ua1_0.password 
    from
        user_accounts ua1_0 
    where
        ua1_0.user_id=?
Hibernate: 
    select
        fs1_0.id,
        fs1_0.file_id,
        fs1_0.owner_user_id,
        fs1_0.shared_at,
        fs1_0.shared_with_user_id 
    from
        file_share fs1_0 
    where
        fs1_0.shared_with_user_id=? 
    order by
        fs1_0.shared_at desc
Hibernate: 
    select
        fm1_0.id,
        fm1_0.file_name,
        fm1_0.file_size,
        fm1_0.owner_user_id,
        fm1_0.total_chunks,
        fm1_0.upload_time 
    from
        file_metadata fm1_0 
    where
        fm1_0.id=?
Hibernate: 
    select
        fs1_0.id,
        fs1_0.file_id,
        fs1_0.owner_user_id,
        fs1_0.shared_at,
        fs1_0.shared_with_user_id 
    from
        file_share fs1_0 
    where
        fs1_0.file_id=? 
    order by
        fs1_0.shared_at desc
Hibernate: 
    select
        count(*) 
    from
        user_accounts ua1_0 
    where
        ua1_0.user_id=?
Hibernate: 
    select
        fm1_0.id,
        fm1_0.file_name,
        fm1_0.file_size,
        fm1_0.owner_user_id,
        fm1_0.total_chunks,
        fm1_0.upload_time 
    from
        file_metadata fm1_0 
    where
        fm1_0.owner_user_id=? 
    order by
        fm1_0.upload_time desc
Hibernate: 
    select
        ua1_0.user_id,
        ua1_0.created_at,
        ua1_0.display_name,
        ua1_0.password 
    from
        user_accounts ua1_0 
    where
        ua1_0.user_id=?
Hibernate: 
    select
        fs1_0.id,
        fs1_0.file_id,
        fs1_0.owner_user_id,
        fs1_0.shared_at,
        fs1_0.shared_with_user_id 
    from
        file_share fs1_0 
    where
        fs1_0.file_id=? 
    order by
        fs1_0.shared_at desc
Hibernate: 
    select
        ua1_0.user_id,
        ua1_0.created_at,
        ua1_0.display_name,
        ua1_0.password 
    from
        user_accounts ua1_0 
    where
        ua1_0.user_id=?
Hibernate: 
    select
        fs1_0.id,
        fs1_0.file_id,
        fs1_0.owner_user_id,
        fs1_0.shared_at,
        fs1_0.shared_with_user_id 
    from
        file_share fs1_0 
    where
        fs1_0.shared_with_user_id=? 
    order by
        fs1_0.shared_at desc
Hibernate: 
    select
        fm1_0.id,
        fm1_0.file_name,
        fm1_0.file_size,
        fm1_0.owner_user_id,
        fm1_0.total_chunks,
        fm1_0.upload_time 
    from
        file_metadata fm1_0 
    where
        fm1_0.id=?
Hibernate: 
    select
        fs1_0.id,
        fs1_0.file_id,
        fs1_0.owner_user_id,
        fs1_0.shared_at,
        fs1_0.shared_with_user_id 
    from
        file_share fs1_0 
    where
        fs1_0.file_id=? 
    order by
        fs1_0.shared_at desc
Hibernate: 
    select
        fm1_0.id,
        fm1_0.file_name,
        fm1_0.file_size,
        fm1_0.owner_user_id,
        fm1_0.total_chunks,
        fm1_0.upload_time 
    from
        file_metadata fm1_0 
    where
        fm1_0.id=?
Hibernate: 
    select
        fc1_0.id,
        fc1_0.chunk_index,
        fc1_0.chunk_path,
        fc1_0.file_id,
        fc1_0.hash 
    from
        file_chunk fc1_0 
    where
        fc1_0.file_id=? 
    order by
        fc1_0.chunk_index
Hibernate: 
    select
        fs1_0.id,
        fs1_0.file_id,
        fs1_0.owner_user_id,
        fs1_0.shared_at,
        fs1_0.shared_with_user_id 
    from
        file_share fs1_0 
    where
        fs1_0.file_id=?
Hibernate: 
    select
        fc1_0.id,
        fc1_0.chunk_index,
        fc1_0.chunk_path,
        fc1_0.file_id,
        fc1_0.hash 
    from
        file_chunk fc1_0 
    where
        fc1_0.file_id=?
Hibernate: 
    delete 
    from
        file_share 
    where
        id=?
Hibernate: 
    delete 
    from
        file_chunk 
    where
        id=?
Hibernate: 
    delete 
    from
        file_metadata 
    where
        id=?
Hibernate: 
    select
        count(*) 
    from
        user_accounts ua1_0 
    where
        ua1_0.user_id=?
Hibernate: 
    select
        fm1_0.id,
        fm1_0.file_name,
        fm1_0.file_size,
        fm1_0.owner_user_id,
        fm1_0.total_chunks,
        fm1_0.upload_time 
    from
        file_metadata fm1_0 
    where
        fm1_0.owner_user_id=? 
    order by
        fm1_0.upload_time desc
Hibernate: 
    select
        fs1_0.id,
        fs1_0.file_id,
        fs1_0.owner_user_id,
        fs1_0.shared_at,
        fs1_0.shared_with_user_id 
    from
        file_share fs1_0 
    where
        fs1_0.shared_with_user_id=? 
    order by
        fs1_0.shared_at desc
Hibernate: 
    select
        fm1_0.id,
        fm1_0.file_name,
        fm1_0.file_size,
        fm1_0.owner_user_id,
        fm1_0.total_chunks,
        fm1_0.upload_time 
    from
        file_metadata fm1_0 
    where
        fm1_0.id=?
Hibernate: 
    select
        ua1_0.user_id,
        ua1_0.created_at,
        ua1_0.display_name,
        ua1_0.password 
    from
        user_accounts ua1_0 
    where
        ua1_0.user_id=?
Hibernate: 
    select
        fs1_0.id,
        fs1_0.file_id,
        fs1_0.owner_user_id,
        fs1_0.shared_at,
        fs1_0.shared_with_user_id 
    from
        file_share fs1_0 
    where
        fs1_0.file_id=? 
    order by
        fs1_0.shared_at desc
Hibernate: 
    select
        ua1_0.user_id,
        ua1_0.created_at,
        ua1_0.display_name,
        ua1_0.password 
    from
        user_accounts ua1_0 
    where
        ua1_0.user_id=?

C:\Users\Noor  Mohammad\Desktop\P2P_Internet>