[INFO] Scanning for projects...
[INFO] 
[INFO] --------------------------< com.project:p2p >---------------------------
[INFO] Building p2p 0.0.1-SNAPSHOT
[INFO]   from pom.xml
[INFO] --------------------------------[ jar ]---------------------------------
[INFO] 
[INFO] >>> spring-boot:3.4.0:run (default-cli) > test-compile @ p2p >>>
[INFO] 
[INFO] --- resources:3.3.1:resources (default-resources) @ p2p ---
[INFO] Copying 1 resource from src\main\resources to target\classes
[INFO] Copying 1 resource from src\main\resources to target\classes
[INFO] 
[INFO] --- compiler:3.13.0:compile (default-compile) @ p2p ---
[INFO] Nothing to compile - all classes are up to date.
[INFO] 
[INFO] --- resources:3.3.1:testResources (default-testResources) @ p2p ---
[INFO] skip non existing resourceDirectory C:\Users\Noor  Mohammad\Desktop\P2P_Internet\src\test\resources
[INFO] 
[INFO] --- compiler:3.13.0:testCompile (default-testCompile) @ p2p ---
[INFO] No sources to compile
[INFO] 
[INFO] <<< spring-boot:3.4.0:run (default-cli) < test-compile @ p2p <<<
[INFO] 
[INFO] 
[INFO] --- spring-boot:3.4.0:run (default-cli) @ p2p ---
[INFO] Attaching agents: []

  .   ____          _            __ _ _
 /\\ / ___'_ __ _ _(_)_ __  __ _ \ \ \ \
( ( )\___ | '_ | '_| | '_ \/ _` | \ \ \ \
 \\/  ___)| |_)| | | | | || (_| |  ) ) ) )
  '  |____| .__|_| |_|_| |_\__, | / / / /
 =========|_|==============|___/=/_/_/_/

 :: Spring Boot ::                (v3.4.0)

2026-06-18T19:03:28.781+05:30  INFO 24772 --- [           main] c.project.p2p.P2pFileSharingApplication  : Starting P2pFileSharingApplication using Java 26.0.1 with PID 24772 (C:\Users\Noor  Mohammad\Desktop\P2P_Internet\target\classes started by Noor  Mohammad in C:\Users\Noor  Mohammad\Desktop\P2P_Internet)
2026-06-18T19:03:28.783+05:30  INFO 24772 --- [           main] c.project.p2p.P2pFileSharingApplication  : No active profile set, falling back to 1 default profile: "default"
2026-06-18T19:03:29.227+05:30  INFO 24772 --- [           main] .s.d.r.c.RepositoryConfigurationDelegate : Bootstrapping Spring Data JPA repositories in DEFAULT mode.
2026-06-18T19:03:29.269+05:30  INFO 24772 --- [           main] .s.d.r.c.RepositoryConfigurationDelegate : Finished Spring Data repository scanning in 36 ms. Found 4 JPA repository interfaces.
WARNING: A restricted method in java.lang.System has been called
WARNING: java.lang.System::load has been called by org.apache.tomcat.jni.Library in an unnamed module (file:/C:/Users/Noor%20%20Mohammad/.m2/repository/org/apache/tomcat/embed/tomcat-embed-core/10.1.33/tomcat-embed-core-10.1.33.jar)
WARNING: Use --enable-native-access=ALL-UNNAMED to avoid a warning for callers in this module
WARNING: Restricted methods will be blocked in a future release unless native access is enabled

2026-06-18T19:03:29.802+05:30  INFO 24772 --- [           main] o.s.b.w.embedded.tomcat.TomcatWebServer  : Tomcat initialized with port 8082 (http)
2026-06-18T19:03:29.811+05:30  INFO 24772 --- [           main] o.apache.catalina.core.StandardService   : Starting service [Tomcat]
2026-06-18T19:03:29.812+05:30  INFO 24772 --- [           main] o.apache.catalina.core.StandardEngine    : Starting Servlet engine: [Apache Tomcat/10.1.33]
2026-06-18T19:03:29.854+05:30  INFO 24772 --- [           main] o.a.c.c.C.[Tomcat].[localhost].[/]       : Initializing Spring embedded WebApplicationContext
2026-06-18T19:03:29.854+05:30  INFO 24772 --- [           main] w.s.c.ServletWebServerApplicationContext : Root WebApplicationContext: initialization completed in 1035 ms
2026-06-18T19:03:29.882+05:30  INFO 24772 --- [           main] com.zaxxer.hikari.HikariDataSource       : HikariPool-1 - Starting...
2026-06-18T19:03:30.111+05:30  INFO 24772 --- [           main] com.zaxxer.hikari.pool.HikariPool        : HikariPool-1 - Added connection conn0: url=jdbc:h2:mem:p2p_db user=SA
2026-06-18T19:03:30.113+05:30  INFO 24772 --- [           main] com.zaxxer.hikari.HikariDataSource       : HikariPool-1 - Start completed.
2026-06-18T19:03:30.124+05:30  INFO 24772 --- [           main] o.s.b.a.h2.H2ConsoleAutoConfiguration    : H2 console available at '/h2-console'. Database available at 'jdbc:h2:mem:p2p_db'
2026-06-18T19:03:30.226+05:30  INFO 24772 --- [           main] o.hibernate.jpa.internal.util.LogHelper  : HHH000204: Processing PersistenceUnitInfo [name: default]
2026-06-18T19:03:30.265+05:30  INFO 24772 --- [           main] org.hibernate.Version                    : HHH000412: Hibernate ORM core version 6.6.2.Final
2026-06-18T19:03:30.285+05:30  INFO 24772 --- [           main] o.h.c.internal.RegionFactoryInitiator    : HHH000026: Second-level cache disabled
2026-06-18T19:03:30.500+05:30  INFO 24772 --- [           main] o.s.o.j.p.SpringPersistenceUnitInfo      : No LoadTimeWeaver setup: ignoring JPA class transformer
2026-06-18T19:03:30.570+05:30  INFO 24772 --- [           main] org.hibernate.orm.connections.pooling    : HHH10001005: Database info:
	Database JDBC URL [Connecting through datasource 'HikariDataSource (HikariPool-1)']
	Database driver: undefined/unknown
	Database version: 2.3.232
	Autocommit mode: undefined/unknown
	Isolation level: undefined/unknown
	Minimum pool size: undefined/unknown
	Maximum pool size: undefined/unknown
2026-06-18T19:03:31.358+05:30  INFO 24772 --- [           main] o.h.e.t.j.p.i.JtaPlatformInitiator       : HHH000489: No JTA platform available (set 'hibernate.transaction.jta.platform' to enable JTA platform integration)
Hibernate: 
    create table file_chunk (
        id bigint generated by default as identity,
        chunk_index integer not null,
        chunk_path varchar(255),
        file_id bigint,
        hash varchar(255),
        primary key (id)
    )
Hibernate: 
    create table file_metadata (
        id bigint generated by default as identity,
        file_name varchar(255),
        file_size bigint not null,
        owner_user_id varchar(255),
        total_chunks integer not null,
        upload_time timestamp(6),
        primary key (id)
    )
Hibernate: 
    create table file_share (
        id bigint generated by default as identity,
        file_id bigint,
        owner_user_id varchar(255),
        shared_at timestamp(6),
        shared_with_user_id varchar(255),
        primary key (id)
    )
Hibernate: 
    create table user_accounts (
        user_id varchar(64) not null,
        created_at timestamp(6),
        display_name varchar(255),
        password varchar(255),
        primary key (user_id)
    )
2026-06-18T19:03:31.518+05:30  INFO 24772 --- [           main] j.LocalContainerEntityManagerFactoryBean : Initialized JPA EntityManagerFactory for persistence unit 'default'
2026-06-18T19:03:32.442+05:30  WARN 24772 --- [           main] JpaBaseConfiguration$JpaWebConfiguration : spring.jpa.open-in-view is enabled by default. Therefore, database queries may be performed during view rendering. Explicitly configure spring.jpa.open-in-view to disable this warning
2026-06-18T19:03:32.515+05:30  INFO 24772 --- [           main] o.s.b.a.w.s.WelcomePageHandlerMapping    : Adding welcome page: class path resource [static/index.html]
2026-06-18T19:03:33.157+05:30  WARN 24772 --- [           main] ConfigServletWebServerApplicationContext : Exception encountered during context initialization - cancelling refresh attempt: org.springframework.context.ApplicationContextException: Failed to start bean 'webServerStartStop'
2026-06-18T19:03:33.171+05:30  INFO 24772 --- [           main] j.LocalContainerEntityManagerFactoryBean : Closing JPA EntityManagerFactory for persistence unit 'default'
2026-06-18T19:03:33.177+05:30  INFO 24772 --- [           main] com.zaxxer.hikari.HikariDataSource       : HikariPool-1 - Shutdown initiated...
2026-06-18T19:03:33.181+05:30  INFO 24772 --- [           main] com.zaxxer.hikari.HikariDataSource       : HikariPool-1 - Shutdown completed.
2026-06-18T19:03:33.198+05:30  INFO 24772 --- [           main] .s.b.a.l.ConditionEvaluationReportLogger : 

Error starting ApplicationContext. To display the condition evaluation report re-run your application with 'debug' enabled.
2026-06-18T19:03:33.223+05:30 ERROR 24772 --- [           main] o.s.b.d.LoggingFailureAnalysisReporter   : 

***************************
APPLICATION FAILED TO START
***************************

Description:

Web server failed to start. Port 8082 was already in use.

Action:

Identify and stop the process that's listening on port 8082 or configure this application to listen on another port.

[INFO] ------------------------------------------------------------------------
[INFO] BUILD FAILURE
[INFO] ------------------------------------------------------------------------
[INFO] Total time:  6.623 s
[INFO] Finished at: 2026-06-18T19:03:33+05:30
[INFO] ------------------------------------------------------------------------
[ERROR] Failed to execute goal org.springframework.boot:spring-boot-maven-plugin:3.4.0:run (default-cli) on project p2p: Process terminated with exit code: 1 -> [Help 1]
[ERROR] 
[ERROR] To see the full stack trace of the errors, re-run Maven with the -e switch.
[ERROR] Re-run Maven using the -X switch to enable full debug logging.
[ERROR] 
[ERROR] For more information about the errors and possible solutions, please read the following articles:
[ERROR] [Help 1] http://cwiki.apache.org/confluence/display/MAVEN/MojoExecutionException
